<?xml version="1.0" encoding="UTF-8"?>
<testsuite xmlns:xsi="http://www.w3.org/2001/XMLSchema-instance" xsi:noNamespaceSchemaLocation="https://maven.apache.org/surefire/maven-surefire-plugin/xsd/surefire-test-report-3.0.xsd" version="3.0" name="fr.pantheonsorbonne.miage.game.RandomDeckTest" time="0.005" tests="3" errors="0" skipped="0" failures="0">
  <properties>
[...]
</properties>
  <testcase name="get1Cards" classname="fr.pantheonsorbonne.miage.game.RandomDeckTest" time="0.001"/>
  <testcase name="getCard" classname="fr.pantheonsorbonne.miage.game.RandomDeckTest" time="0.001"/>
  <testcase name="getnCards" classname="fr.pantheonsorbonne.miage.game.RandomDeckTest" time="0.002"/>
</testsuite>